<?xml version="1.0" encoding="UTF-8"?>
<!-- Generated by org.testng.reporters.JUnitXMLReporter -->
<testsuite hostname="Giteshp-lap007" failures="2" tests="3" name="secondtest" time="13.639" errors="0" timestamp="30 Nov 2022 17:21:41 GMT">
  <testcase classname="Com.NopCommerce.Test.Nop_WishList_Test" name="@BeforeMethod setupwish" time="0.0">
    <failure type="java.lang.NullPointerException">
      <![CDATA[java.lang.NullPointerException
	at org.openqa.selenium.support.pagefactory.DefaultElementLocator.findElement(DefaultElementLocator.java:70)
	at org.openqa.selenium.support.pagefactory.internal.LocatingElementHandler.invoke(LocatingElementHandler.java:39)
	at com.sun.proxy.$Proxy33.sendKeys(Unknown Source)
	at Com.NopCommerece.PageObj.Nop_Commerce_Search.SearchItems(Nop_Commerce_Search.java:47)
	at Com.NopCommerce.Test.Nop_WishList_Test.setupwish(Nop_WishList_Test.java:24)
... Removed 26 stack frames]]>
    </failure>
  </testcase> <!-- @BeforeMethod setupwish -->
  <testcase classname="Com.NopCommerce.Test.Nop_WishList_Test" name="@AfterClass TearDown" time="0.0">
    <skipped/>
  </testcase> <!-- @AfterClass TearDown -->
  <testcase classname="Com.NopCommerce.Test.Nop_SearchPage_Test" name="seachvalidation" time="0.002">
    <failure type="java.lang.NullPointerException">
      <![CDATA[java.lang.NullPointerException
	at org.openqa.selenium.support.pagefactory.DefaultElementLocator.findElement(DefaultElementLocator.java:70)
	at org.openqa.selenium.support.pagefactory.internal.LocatingElementHandler.invoke(LocatingElementHandler.java:39)
	at com.sun.proxy.$Proxy33.sendKeys(Unknown Source)
	at Com.NopCommerece.PageObj.Nop_Commerce_Search.SearchItems(Nop_Commerce_Search.java:47)
	at Com.NopCommerce.Test.Nop_SearchPage_Test.seachvalidation(Nop_SearchPage_Test.java:26)
... Removed 24 stack frames]]>
    </failure>
  </testcase> <!-- seachvalidation -->
  <testcase classname="Com.NopCommerce.Test.Nop_SearchPage_Test" name="TestClickonSearch" time="0.002">
    <failure type="java.lang.NullPointerException">
      <![CDATA[java.lang.NullPointerException
	at org.openqa.selenium.support.pagefactory.DefaultElementLocator.findElement(DefaultElementLocator.java:70)
	at org.openqa.selenium.support.pagefactory.internal.LocatingElementHandler.invoke(LocatingElementHandler.java:39)
	at com.sun.proxy.$Proxy33.click(Unknown Source)
	at Com.NopCommerece.PageObj.Nop_Commerce_Search.clickOnSearch(Nop_Commerce_Search.java:58)
	at Com.NopCommerce.Test.Nop_SearchPage_Test.TestClickonSearch(Nop_SearchPage_Test.java:44)
... Removed 24 stack frames]]>
    </failure>
  </testcase> <!-- TestClickonSearch -->
  <testcase classname="Com.NopCommerce.Test.Nop_WishList_Test" name="CheckWishListItems" time="0.003">
    <skipped/>
  </testcase> <!-- CheckWishListItems -->
</testsuite> <!-- secondtest -->
